

UNIQUE ID: 2022_05_13_09_47_14
TRAINING PARAMETERS: nb_ch: 2, seq_len: 64, batch_size: 256, nb_epoch: 30, frames_1_sec: 43


----------------------------------------------
FOLD: 2
----------------------------------------------

Epoch : 0 
 F1_train : 0.45872742906276853, ER_train : 2.267608844312742 , F1_test : 0.4553757410671366, ER_test : 2.319559228650138, Best ER : 2.319559228650138, best_epoch: 0
Epoch : 1 
 F1_train : 0.45033182344885697, ER_train : 2.352632778664235 , F1_test : 0.4521462639109697, ER_test : 2.352617079889807, Best ER : 2.319559228650138, best_epoch: 0
Epoch : 2 
 F1_train : 0.4450435503940273, ER_train : 2.417141554593116 , F1_test : 0.4451029320024953, ER_test : 2.433195592286501, Best ER : 2.319559228650138, best_epoch: 0
Epoch : 3 
 F1_train : 0.4434571472852197, ER_train : 2.4326418965124232 , F1_test : 0.39414660831509846, ER_test : 3.043388429752066, Best ER : 2.319559228650138, best_epoch: 0
Epoch : 4 
 F1_train : 0.4443525458774877, ER_train : 2.428994757237292 , F1_test : 0.39654463183874944, ER_test : 3.0268595041322315, Best ER : 2.319559228650138, best_epoch: 0
Epoch : 5 
 F1_train : 0.44472088322189385, ER_train : 2.4189651242306818 , F1_test : 0.4634662327095199, ER_test : 2.2513774104683195, Best ER : 2.2513774104683195, best_epoch: 5
Epoch : 6 
 F1_train : 0.4467375442985198, ER_train : 2.395942557556417 , F1_test : 0.41984732824427473, ER_test : 2.706611570247934, Best ER : 2.2513774104683195, best_epoch: 5
Epoch : 7 
 F1_train : 0.44853556485355645, ER_train : 2.379986323227718 , F1_test : 0.3988415390980554, ER_test : 2.9979338842975207, Best ER : 2.2513774104683195, best_epoch: 5
Epoch : 8 
 F1_train : 0.44975625098285893, ER_train : 2.3697287440164123 , F1_test : 0.46397647443228224, ER_test : 2.237603305785124, Best ER : 2.237603305785124, best_epoch: 8
Epoch : 9 
 F1_train : 0.4499947418235355, ER_train : 2.3585593799863234 , F1_test : 0.4605668016194331, ER_test : 2.2734159779614327, Best ER : 2.237603305785124, best_epoch: 8
Epoch : 10 
 F1_train : 0.45144246010778816, ER_train : 2.339411898791885 , F1_test : 0.46347031963470303, ER_test : 2.244490358126722, Best ER : 2.237603305785124, best_epoch: 8
Epoch : 11 
 F1_train : 0.4530339934342899, ER_train : 2.328926373375883 , F1_test : 0.3640922768304914, ER_test : 3.4931129476584024, Best ER : 2.237603305785124, best_epoch: 8
Epoch : 12 
 F1_train : 0.452059865672431, ER_train : 2.335080920902667 , F1_test : 0.4664264657713723, ER_test : 2.224517906336088, Best ER : 2.224517906336088, best_epoch: 12
Epoch : 13 
 F1_train : 0.452888182299947, ER_train : 2.326874857533622 , F1_test : 0.4651162790697674, ER_test : 2.227272727272727, Best ER : 2.224517906336088, best_epoch: 12
Epoch : 14 
 F1_train : 0.452676205617382, ER_train : 2.326874857533622 , F1_test : 0.47146648971466476, ER_test : 2.172865013774105, Best ER : 2.172865013774105, best_epoch: 14
Epoch : 15 
 F1_train : 0.453411202548447, ER_train : 2.3193526327786644 , F1_test : 0.44351073762838455, ER_test : 2.4442148760330578, Best ER : 2.172865013774105, best_epoch: 14
Epoch : 16 
 F1_train : 0.4536914176529908, ER_train : 2.31958057898336 , F1_test : 0.46014257939079695, ER_test : 2.272727272727273, Best ER : 2.172865013774105, best_epoch: 14
Epoch : 17 
 F1_train : 0.4532103281904459, ER_train : 2.323911556872578 , F1_test : 0.4628126014939914, ER_test : 2.259641873278237, Best ER : 2.172865013774105, best_epoch: 14
Epoch : 18 
 F1_train : 0.45242636151727045, ER_train : 2.328242534761796 , F1_test : 0.4001107573030596, ER_test : 2.979338842975207, Best ER : 2.172865013774105, best_epoch: 14
Epoch : 19 
 F1_train : 0.4518142388659684, ER_train : 2.3353088671073627 , F1_test : 0.4627910763719263, ER_test : 2.2506887052341598, Best ER : 2.172865013774105, best_epoch: 14
Epoch : 20 
 F1_train : 0.4531722054380664, ER_train : 2.325279234100752 , F1_test : 0.37315160087437305, ER_test : 3.3567493112947657, Best ER : 2.172865013774105, best_epoch: 14
Epoch : 21 
 F1_train : 0.4538894195054653, ER_train : 2.319808525188056 , F1_test : 0.46301414404161917, ER_test : 2.255509641873278, Best ER : 2.172865013774105, best_epoch: 14
Epoch : 22 
 F1_train : 0.4539571398260131, ER_train : 2.320948256211534 , F1_test : 0.4627884302892427, ER_test : 2.257575757575758, Best ER : 2.172865013774105, best_epoch: 14
Epoch : 23 
 F1_train : 0.45175624206517134, ER_train : 2.3348529746979714 , F1_test : 0.45848782847009506, ER_test : 2.2926997245179064, Best ER : 2.172865013774105, best_epoch: 14
Epoch : 24 
 F1_train : 0.4528162316390151, ER_train : 2.336448598130841 , F1_test : 0.4102418207681364, ER_test : 2.8484848484848486, Best ER : 2.172865013774105, best_epoch: 14
Epoch : 25 
 F1_train : 0.45220704985709737, ER_train : 2.332117620241623 , F1_test : 0.39752747252747245, ER_test : 3.0172176308539944, Best ER : 2.172865013774105, best_epoch: 14
Epoch : 26 
 F1_train : 0.4534729937047029, ER_train : 2.3307499430134486 , F1_test : 0.39448915564043097, ER_test : 3.053030303030303, Best ER : 2.172865013774105, best_epoch: 14
Epoch : 27 
 F1_train : 0.45199830831042503, ER_train : 2.336448598130841 , F1_test : 0.45811855670103085, ER_test : 2.296143250688705, Best ER : 2.172865013774105, best_epoch: 14
Epoch : 28 
 F1_train : 0.45174234424498405, ER_train : 2.3412354684294505 , F1_test : 0.3866310160427807, ER_test : 3.1556473829201104, Best ER : 2.172865013774105, best_epoch: 14
Epoch : 29 
 F1_train : 0.4519774011299434, ER_train : 2.3405516298153635 , F1_test : 0.4024458032240133, ER_test : 2.958677685950413, Best ER : 2.172865013774105, best_epoch: 14
saved model for the best_epoch: 14 with best_er: 2.172865013774105 f1_for_best_er: 0.47146648971466476 posterior_thresh:0.1


----------------------------------------------
FOLD: 2
----------------------------------------------

Epoch : 0 
 F1_train : 0.4619674325228641, ER_train : 2.147937086847504 , F1_test : 0.4587836747862558, ER_test : 2.2899449035812673, Best ER : 2.2899449035812673, best_epoch: 0
Epoch : 1 
 F1_train : 0.45609899823217437, ER_train : 2.284020971050832 , F1_test : 0.44941695556255906, ER_test : 2.3884297520661155, Best ER : 2.2899449035812673, best_epoch: 0
Epoch : 2 
 F1_train : 0.45513709591379486, ER_train : 2.2999772053795304 , F1_test : 0.4599190283400809, ER_test : 2.274793388429752, Best ER : 2.274793388429752, best_epoch: 2
Epoch : 3 
 F1_train : 0.45408516761711876, ER_train : 2.3049920218828355 , F1_test : 0.45626401794296695, ER_test : 2.3181818181818183, Best ER : 2.274793388429752, best_epoch: 2
Epoch : 4 
 F1_train : 0.45462292288027256, ER_train : 2.3068155915204014 , F1_test : 0.46104001295966307, ER_test : 2.271349862258953, Best ER : 2.271349862258953, best_epoch: 4
Epoch : 5 
 F1_train : 0.45512752107565885, ER_train : 2.299521312970139 , F1_test : 0.5132204679474985, ER_test : 1.6921487603305785, Best ER : 1.6921487603305785, best_epoch: 5
Epoch : 6 
 F1_train : 0.45546774882528834, ER_train : 2.2963300661043995 , F1_test : 0.46899288903588554, ER_test : 2.18801652892562, Best ER : 1.6921487603305785, best_epoch: 5
Epoch : 7 
 F1_train : 0.4556244653550042, ER_train : 2.291315249601094 , F1_test : 0.47602970965563796, ER_test : 2.108815426997245, Best ER : 1.6921487603305785, best_epoch: 5
Epoch : 8 
 F1_train : 0.4558776339715476, ER_train : 2.28994757237292 , F1_test : 0.45924967658473476, ER_test : 2.28099173553719, Best ER : 1.6921487603305785, best_epoch: 5
Epoch : 9 
 F1_train : 0.456384458953227, ER_train : 2.2865283793024846 , F1_test : 0.46435578809679523, ER_test : 2.234159779614325, Best ER : 1.6921487603305785, best_epoch: 5
Epoch : 10 
 F1_train : 0.45610656395442134, ER_train : 2.288579895144746 , F1_test : 0.46246933769419457, ER_test : 2.237603305785124, Best ER : 1.6921487603305785, best_epoch: 5
Epoch : 11 
 F1_train : 0.45651592186245643, ER_train : 2.286300433097789 , F1_test : 0.4689564068692205, ER_test : 2.1928374655647382, Best ER : 1.6921487603305785, best_epoch: 5
Epoch : 12 
 F1_train : 0.4563356164383561, ER_train : 2.2874401641212674 , F1_test : 0.47418478260869557, ER_test : 2.09366391184573, Best ER : 1.6921487603305785, best_epoch: 5
Epoch : 13 
 F1_train : 0.45655549012259744, ER_train : 2.2851607020743105 , F1_test : 0.5463875205254515, ER_test : 1.4393939393939394, Best ER : 1.4393939393939394, best_epoch: 13
Epoch : 14 
 F1_train : 0.4561760454034373, ER_train : 2.285616594483702 , F1_test : 0.4672589667653833, ER_test : 2.2079889807162534, Best ER : 1.4393939393939394, best_epoch: 13
Epoch : 15 
 F1_train : 0.45649149095579566, ER_train : 2.286300433097789 , F1_test : 0.4662195321446098, ER_test : 2.228650137741047, Best ER : 1.4393939393939394, best_epoch: 13
Epoch : 16 
 F1_train : 0.45621355587653123, ER_train : 2.28835194894005 , F1_test : 0.46101475117523094, ER_test : 2.2692837465564737, Best ER : 1.4393939393939394, best_epoch: 13
Epoch : 17 
 F1_train : 0.45571245186136067, ER_train : 2.28994757237292 , F1_test : 0.46679815910585126, ER_test : 2.212121212121212, Best ER : 1.4393939393939394, best_epoch: 13
Epoch : 18 
 F1_train : 0.4565682498930251, ER_train : 2.28835194894005 , F1_test : 0.4758713136729222, ER_test : 2.1322314049586777, Best ER : 1.4393939393939394, best_epoch: 13
Epoch : 19 
 F1_train : 0.45663811563169165, ER_train : 2.285616594483702 , F1_test : 0.4659333442784435, ER_test : 2.2176308539944904, Best ER : 1.4393939393939394, best_epoch: 13
Epoch : 20 
 F1_train : 0.4564635321837849, ER_train : 2.2844768634602235 , F1_test : 0.4654664484451717, ER_test : 2.228650137741047, Best ER : 1.4393939393939394, best_epoch: 13
Epoch : 21 
 F1_train : 0.4564763790059386, ER_train : 2.2874401641212674 , F1_test : 0.4662516382699869, ER_test : 2.2238292011019283, Best ER : 1.4393939393939394, best_epoch: 13
Epoch : 22 
 F1_train : 0.4562229234636572, ER_train : 2.289035787554137 , F1_test : 0.4651239126866895, ER_test : 2.2203856749311295, Best ER : 1.4393939393939394, best_epoch: 13
Epoch : 23 
 F1_train : 0.45636003638893335, ER_train : 2.2872122179165717 , F1_test : 0.46377284595300244, ER_test : 2.2417355371900825, Best ER : 1.4393939393939394, best_epoch: 13
Epoch : 24 
 F1_train : 0.456384458953227, ER_train : 2.2867563255071803 , F1_test : 0.4651924651924651, ER_test : 2.2265840220385673, Best ER : 1.4393939393939394, best_epoch: 13
Epoch : 25 
 F1_train : 0.45651011019578475, ER_train : 2.287668110325963 , F1_test : 0.46920917946177965, ER_test : 2.1928374655647382, Best ER : 1.4393939393939394, best_epoch: 13
Epoch : 26 
 F1_train : 0.456057769457074, ER_train : 2.289035787554137 , F1_test : 0.44815106215578276, ER_test : 2.3960055096418733, Best ER : 1.4393939393939394, best_epoch: 13
Epoch : 27 
 F1_train : 0.45616848407098565, ER_train : 2.2908593571917026 , F1_test : 0.4391371340523883, ER_test : 2.4882920110192837, Best ER : 1.4393939393939394, best_epoch: 13
Epoch : 28 
 F1_train : 0.4564612751390671, ER_train : 2.28835194894005 , F1_test : 0.470471464019851, ER_test : 2.1838842975206614, Best ER : 1.4393939393939394, best_epoch: 13
Epoch : 29 
 F1_train : 0.4559696305405548, ER_train : 2.2908593571917026 , F1_test : 0.4728850325379609, ER_test : 2.1515151515151514, Best ER : 1.4393939393939394, best_epoch: 13
saved model for the best_epoch: 13 with best_er: 1.4393939393939394 f1_for_best_er: 0.5463875205254515 posterior_thresh:0.2


----------------------------------------------
FOLD: 2
----------------------------------------------

Epoch : 0 
 F1_train : 0.46885481552467645, ER_train : 1.9348073854570322 , F1_test : 0.4729344729344728, ER_test : 2.1377410468319558, Best ER : 2.1377410468319558, best_epoch: 0
Epoch : 1 
 F1_train : 0.4558033534103857, ER_train : 2.2427627080009116 , F1_test : 0.5177016831108531, ER_test : 1.6391184573002755, Best ER : 1.6391184573002755, best_epoch: 1
Epoch : 2 
 F1_train : 0.4570653647952264, ER_train : 2.2413950307727375 , F1_test : 0.5154918667699457, ER_test : 1.6411845730027548, Best ER : 1.6391184573002755, best_epoch: 1
Epoch : 3 
 F1_train : 0.4569572279371954, ER_train : 2.2480054707089128 , F1_test : 0.47609427609427596, ER_test : 2.1170798898071626, Best ER : 1.6391184573002755, best_epoch: 1
Epoch : 4 
 F1_train : 0.45197432829326656, ER_train : 2.243218600410303 , F1_test : 0.509274873524452, ER_test : 1.741046831955923, Best ER : 1.6391184573002755, best_epoch: 1
Epoch : 5 
 F1_train : 0.4544667964525199, ER_train : 2.256667426487349 , F1_test : 0.4739320551631348, ER_test : 2.12465564738292, Best ER : 1.6391184573002755, best_epoch: 1
Epoch : 6 
 F1_train : 0.4564495946901691, ER_train : 2.2327330749943015 , F1_test : 0.5269413629160062, ER_test : 1.5612947658402203, Best ER : 1.5612947658402203, best_epoch: 6
Epoch : 7 
 F1_train : 0.45435797243026155, ER_train : 2.245726008661956 , F1_test : 0.5311186712027216, ER_test : 1.528236914600551, Best ER : 1.528236914600551, best_epoch: 7
Epoch : 8 
 F1_train : 0.4555024962014325, ER_train : 2.2434465466149986 , F1_test : 0.5268901013250195, ER_test : 1.6039944903581267, Best ER : 1.528236914600551, best_epoch: 7
Epoch : 9 
 F1_train : 0.45799191521905375, ER_train : 2.2167768406656028 , F1_test : 0.4727457972491084, ER_test : 2.097107438016529, Best ER : 1.528236914600551, best_epoch: 7
Epoch : 10 
 F1_train : 0.45665180028282387, ER_train : 2.23387280601778 , F1_test : 0.5098480585256049, ER_test : 1.7362258953168044, Best ER : 1.528236914600551, best_epoch: 7
Epoch : 11 
 F1_train : 0.45777898452348625, ER_train : 2.2363802142694325 , F1_test : 0.5201309959545365, ER_test : 1.6460055096418733, Best ER : 1.528236914600551, best_epoch: 7
Epoch : 12 
 F1_train : 0.4564116526000544, ER_train : 2.229997720537953 , F1_test : 0.5169634489222117, ER_test : 1.725206611570248, Best ER : 1.528236914600551, best_epoch: 7
Epoch : 13 
 F1_train : 0.4588055797733216, ER_train : 2.2231593343970824 , F1_test : 0.530792377131394, ER_test : 1.5234159779614325, Best ER : 1.5234159779614325, best_epoch: 13
Epoch : 14 
 F1_train : 0.45666376306620204, ER_train : 2.23068155915204 , F1_test : 0.5351051170170567, ER_test : 1.5447658402203857, Best ER : 1.5234159779614325, best_epoch: 13
Epoch : 15 
 F1_train : 0.45830153711980803, ER_train : 2.222703441987691 , F1_test : 0.4818401937046004, ER_test : 2.0234159779614327, Best ER : 1.5234159779614325, best_epoch: 13
Epoch : 16 
 F1_train : 0.4561956521739129, ER_train : 2.2370640528835195 , F1_test : 0.5110132158590307, ER_test : 1.677685950413223, Best ER : 1.5234159779614325, best_epoch: 13
Epoch : 17 
 F1_train : 0.4550937245313773, ER_train : 2.2400273535445634 , F1_test : 0.5141776937618147, ER_test : 1.7073002754820936, Best ER : 1.5234159779614325, best_epoch: 13
Epoch : 18 
 F1_train : 0.4570619006102877, ER_train : 2.2265785274675176 , F1_test : 0.5188012979576254, ER_test : 1.6721763085399448, Best ER : 1.5234159779614325, best_epoch: 13
Epoch : 19 
 F1_train : 0.4559495323036762, ER_train : 2.2354684294506497 , F1_test : 0.5411237785016285, ER_test : 1.4683195592286502, Best ER : 1.4683195592286502, best_epoch: 19
Epoch : 20 
 F1_train : 0.4571739130434782, ER_train : 2.2350125370412584 , F1_test : 0.5215357630091599, ER_test : 1.612258953168044, Best ER : 1.4683195592286502, best_epoch: 19
Epoch : 21 
 F1_train : 0.4575885602859928, ER_train : 2.245042170047869 , F1_test : 0.548734964744919, ER_test : 1.4111570247933884, Best ER : 1.4111570247933884, best_epoch: 21
Epoch : 22 
 F1_train : 0.4572484644235473, ER_train : 2.234556644631867 , F1_test : 0.530556101395166, ER_test : 1.5757575757575757, Best ER : 1.4111570247933884, best_epoch: 21
Epoch : 23 
 F1_train : 0.4543038455280143, ER_train : 2.247777524504217 , F1_test : 0.5209499903456265, ER_test : 1.6384297520661157, Best ER : 1.4111570247933884, best_epoch: 21
Epoch : 24 
 F1_train : 0.4569790708993564, ER_train : 2.2511967175746523 , F1_test : 0.525601241272304, ER_test : 1.6177685950413223, Best ER : 1.4111570247933884, best_epoch: 21
Epoch : 25 
 F1_train : 0.455428354402908, ER_train : 2.244358331433782 , F1_test : 0.4881261917143352, ER_test : 2.0041322314049586, Best ER : 1.4111570247933884, best_epoch: 21
Epoch : 26 
 F1_train : 0.4578978718795688, ER_train : 2.245042170047869 , F1_test : 0.5284584980237153, ER_test : 1.565426997245179, Best ER : 1.4111570247933884, best_epoch: 21
Epoch : 27 
 F1_train : 0.4560909583107742, ER_train : 2.2498290403464782 , F1_test : 0.4691604322527015, ER_test : 2.1714876033057853, Best ER : 1.4111570247933884, best_epoch: 21
Epoch : 28 
 F1_train : 0.4557510148849796, ER_train : 2.2509687713699567 , F1_test : 0.5339728217426059, ER_test : 1.5268595041322315, Best ER : 1.4111570247933884, best_epoch: 21
Epoch : 29 
 F1_train : 0.4547032657046761, ER_train : 2.2461819010713473 , F1_test : 0.5164877300613496, ER_test : 1.6646005509641872, Best ER : 1.4111570247933884, best_epoch: 21
saved model for the best_epoch: 21 with best_er: 1.4111570247933884 f1_for_best_er: 0.548734964744919 posterior_thresh:0.30000000000000004


----------------------------------------------
FOLD: 2
----------------------------------------------

Epoch : 0 
 F1_train : 0.4063774564330737, ER_train : 1.5345338500113974 , F1_test : 0.5635888501742159, ER_test : 1.2803030303030303, Best ER : 1.2803030303030303, best_epoch: 0
Epoch : 1 
 F1_train : 0.4563347083087801, ER_train : 1.9860952815135628 , F1_test : 0.5276341948310138, ER_test : 1.5509641873278237, Best ER : 1.2803030303030303, best_epoch: 0
Epoch : 2 
 F1_train : 0.45354808590102696, ER_train : 2.020743104627308 , F1_test : 0.4689058862653807, ER_test : 2.1707988980716255, Best ER : 1.2803030303030303, best_epoch: 0
Epoch : 3 
 F1_train : 0.45791479043990285, ER_train : 2.0442215637109644 , F1_test : 0.5239294710327456, ER_test : 1.6239669421487604, Best ER : 1.2803030303030303, best_epoch: 0
Epoch : 4 
 F1_train : 0.4533848676505035, ER_train : 2.009573740597219 , F1_test : 0.5432909314731226, ER_test : 1.4462809917355373, Best ER : 1.2803030303030303, best_epoch: 0
Epoch : 5 
 F1_train : 0.4554175740097698, ER_train : 1.9908821518121724 , F1_test : 0.5395273023634881, ER_test : 1.46900826446281, Best ER : 1.2803030303030303, best_epoch: 0
Epoch : 6 
 F1_train : 0.455391868002357, ER_train : 1.9879188511511283 , F1_test : 0.5424702503077553, ER_test : 1.446969696969697, Best ER : 1.2803030303030303, best_epoch: 0
Epoch : 7 
 F1_train : 0.449452901998097, ER_train : 1.971734670617734 , F1_test : 0.5464256368118323, ER_test : 1.43801652892562, Best ER : 1.2803030303030303, best_epoch: 0
Epoch : 8 
 F1_train : 0.4556825662816445, ER_train : 1.9405060405744243 , F1_test : 0.5380981721092626, ER_test : 1.4573002754820936, Best ER : 1.2803030303030303, best_epoch: 0
Epoch : 9 
 F1_train : 0.4544312129734905, ER_train : 1.9436972874401641 , F1_test : 0.5483536964174776, ER_test : 1.415289256198347, Best ER : 1.2803030303030303, best_epoch: 0
Epoch : 10 
 F1_train : 0.4507042253521126, ER_train : 1.9206747207658992 , F1_test : 0.5425117803728743, ER_test : 1.4504132231404958, Best ER : 1.2803030303030303, best_epoch: 0
Epoch : 11 
 F1_train : 0.4536855256112795, ER_train : 1.9617050376111238 , F1_test : 0.5432860374254574, ER_test : 1.440771349862259, Best ER : 1.2803030303030303, best_epoch: 0
Epoch : 12 
 F1_train : 0.45606042440954314, ER_train : 1.9361750626852063 , F1_test : 0.5484407484407483, ER_test : 1.40633608815427, Best ER : 1.2803030303030303, best_epoch: 0
Epoch : 13 
 F1_train : 0.45141065830720994, ER_train : 1.9833599270572144 , F1_test : 0.5605802047781568, ER_test : 1.3264462809917354, Best ER : 1.2803030303030303, best_epoch: 0
Epoch : 14 
 F1_train : 0.45606520316497107, ER_train : 1.9573740597219056 , F1_test : 0.507906976744186, ER_test : 1.762396694214876, Best ER : 1.2803030303030303, best_epoch: 0
Epoch : 15 
 F1_train : 0.4568106312292359, ER_train : 1.9653521768862547 , F1_test : 0.5607993197278911, ER_test : 1.3333333333333333, Best ER : 1.2803030303030303, best_epoch: 0
Epoch : 16 
 F1_train : 0.4533554463069359, ER_train : 1.9758377023022566 , F1_test : 0.5517961570593148, ER_test : 1.3891184573002755, Best ER : 1.2803030303030303, best_epoch: 0
Epoch : 17 
 F1_train : 0.45302689254827627, ER_train : 1.9765215409163437 , F1_test : 0.5597457627118643, ER_test : 1.3422865013774106, Best ER : 1.2803030303030303, best_epoch: 0
Epoch : 18 
 F1_train : 0.4539667570434987, ER_train : 1.9892865283793024 , F1_test : 0.5377262558470611, ER_test : 1.4772727272727273, Best ER : 1.2803030303030303, best_epoch: 0
Epoch : 19 
 F1_train : 0.45357918844324385, ER_train : 2.00159562343287 , F1_test : 0.5358004827031375, ER_test : 1.5082644628099173, Best ER : 1.2803030303030303, best_epoch: 0
Epoch : 20 
 F1_train : 0.45030639042894655, ER_train : 2.0264417597447 , F1_test : 0.5369665397715888, ER_test : 1.5151515151515151, Best ER : 1.2803030303030303, best_epoch: 0
Epoch : 21 
 F1_train : 0.462206572769953, ER_train : 1.9858673353088672 , F1_test : 0.530091669988043, ER_test : 1.5399449035812671, Best ER : 1.2803030303030303, best_epoch: 0
Epoch : 22 
 F1_train : 0.45535870899842124, ER_train : 2.0107134716206976 , F1_test : 0.5516378051324848, ER_test : 1.393939393939394, Best ER : 1.2803030303030303, best_epoch: 0
Epoch : 23 
 F1_train : 0.4557094633919217, ER_train : 2.0241622976977434 , F1_test : 0.551337896701929, ER_test : 1.40633608815427, Best ER : 1.2803030303030303, best_epoch: 0
Epoch : 24 
 F1_train : 0.4540183230894119, ER_train : 2.0387508547982676 , F1_test : 0.5362699535259647, ER_test : 1.4958677685950412, Best ER : 1.2803030303030303, best_epoch: 0
Epoch : 25 
 F1_train : 0.45646621778500107, ER_train : 2.030772737633918 , F1_test : 0.5561181434599155, ER_test : 1.3588154269972452, Best ER : 1.2803030303030303, best_epoch: 0
Epoch : 26 
 F1_train : 0.46040750173651307, ER_train : 2.030772737633918 , F1_test : 0.5505617977528088, ER_test : 1.4001377410468319, Best ER : 1.2803030303030303, best_epoch: 0
Epoch : 27 
 F1_train : 0.4546138270176453, ER_train : 2.0442215637109644 , F1_test : 0.5572181243414119, ER_test : 1.3588154269972452, Best ER : 1.2803030303030303, best_epoch: 0
Epoch : 28 
 F1_train : 0.45970356646595634, ER_train : 2.0316845224527014 , F1_test : 0.5461681470770501, ER_test : 1.424931129476584, Best ER : 1.2803030303030303, best_epoch: 0
Epoch : 29 
 F1_train : 0.4527380537146843, ER_train : 2.0330521996808755 , F1_test : 0.547212507714462, ER_test : 1.4325068870523416, Best ER : 1.2803030303030303, best_epoch: 0
saved model for the best_epoch: 0 with best_er: 1.2803030303030303 f1_for_best_er: 0.5635888501742159 posterior_thresh:0.4


----------------------------------------------
FOLD: 2
----------------------------------------------

Epoch : 0 
 F1_train : 0.3162189731383882, ER_train : 1.0031912468657398 , F1_test : 0.558359621451104, ER_test : 0.9297520661157025, Best ER : 0.9297520661157025, best_epoch: 0
Epoch : 1 
 F1_train : 0.4229741083021461, ER_train : 1.3772509687713699 , F1_test : 0.5300906842539158, ER_test : 1.4607438016528926, Best ER : 0.9297520661157025, best_epoch: 0
Epoch : 2 
 F1_train : 0.4467172078386496, ER_train : 1.4843856849783452 , F1_test : 0.5480190831777638, ER_test : 1.412534435261708, Best ER : 0.9297520661157025, best_epoch: 0
Epoch : 3 
 F1_train : 0.4512934941775329, ER_train : 1.5379530430818327 , F1_test : 0.5563053563897089, ER_test : 1.3588154269972452, Best ER : 0.9297520661157025, best_epoch: 0
Epoch : 4 
 F1_train : 0.44661696441130955, ER_train : 1.5267836790517437 , F1_test : 0.5752701080432171, ER_test : 1.065426997245179, Best ER : 0.9297520661157025, best_epoch: 0
Epoch : 5 
 F1_train : 0.4452559971356963, ER_train : 1.4857533622065193 , F1_test : 0.5704449152542371, ER_test : 0.900137741046832, Best ER : 0.900137741046832, best_epoch: 5
Epoch : 6 
 F1_train : 0.42843462246777153, ER_train : 1.4495099156599043 , F1_test : 0.5887517146776405, ER_test : 0.8181818181818182, Best ER : 0.8181818181818182, best_epoch: 6
Epoch : 7 
 F1_train : 0.43504928806133614, ER_train : 1.4568041942101664 , F1_test : 0.5601494977808923, ER_test : 1.146694214876033, Best ER : 0.8181818181818182, best_epoch: 6
Epoch : 8 
 F1_train : 0.4303703703703703, ER_train : 1.4369728744016412 , F1_test : 0.5538190622936385, ER_test : 1.274793388429752, Best ER : 0.8181818181818182, best_epoch: 6
Epoch : 9 
 F1_train : 0.42798476816247283, ER_train : 1.4196489628447686 , F1_test : 0.545731707317073, ER_test : 1.0082644628099173, Best ER : 0.8181818181818182, best_epoch: 6
Epoch : 10 
 F1_train : 0.4274402427292236, ER_train : 1.4460907225894688 , F1_test : 0.5587131367292224, ER_test : 0.9166666666666666, Best ER : 0.8181818181818182, best_epoch: 6
Epoch : 11 
 F1_train : 0.42935589195607, ER_train : 1.428994757237292 , F1_test : 0.565087281795511, ER_test : 1.012396694214876, Best ER : 0.8181818181818182, best_epoch: 6
Epoch : 12 
 F1_train : 0.44151831690451665, ER_train : 1.4303624344654662 , F1_test : 0.5852663777721131, ER_test : 0.9400826446280992, Best ER : 0.8181818181818182, best_epoch: 6
Epoch : 13 
 F1_train : 0.4431146359048305, ER_train : 1.474811944381126 , F1_test : 0.5780979827089335, ER_test : 0.7995867768595041, Best ER : 0.7995867768595041, best_epoch: 13
Epoch : 14 
 F1_train : 0.446819192426307, ER_train : 1.4802826532938227 , F1_test : 0.5676077265973254, ER_test : 1.0234159779614325, Best ER : 0.7995867768595041, best_epoch: 13
Epoch : 15 
 F1_train : 0.43634267598530146, ER_train : 1.4884887166628675 , F1_test : 0.5809061488673137, ER_test : 0.8533057851239669, Best ER : 0.7995867768595041, best_epoch: 13
Epoch : 16 
 F1_train : 0.44319715808170507, ER_train : 1.5078641440620013 , F1_test : 0.5822914008675681, ER_test : 0.9476584022038568, Best ER : 0.7995867768595041, best_epoch: 13
Epoch : 17 
 F1_train : 0.44516268045679797, ER_train : 1.4805105994985184 , F1_test : 0.562607944732297, ER_test : 1.2982093663911847, Best ER : 0.7995867768595041, best_epoch: 13
Epoch : 18 
 F1_train : 0.4489995119570522, ER_train : 1.5427399133804423 , F1_test : 0.5688199041314768, ER_test : 1.1756198347107438, Best ER : 0.7995867768595041, best_epoch: 13
Epoch : 19 
 F1_train : 0.44435181325552303, ER_train : 1.5609756097560976 , F1_test : 0.5606733691840073, ER_test : 1.1425619834710743, Best ER : 0.7995867768595041, best_epoch: 13
Epoch : 20 
 F1_train : 0.4403771491957847, ER_train : 1.5737405972190563 , F1_test : 0.5556962025316455, ER_test : 1.3588154269972452, Best ER : 0.7995867768595041, best_epoch: 13
Epoch : 21 
 F1_train : 0.44969029593943555, ER_train : 1.5741964896284477 , F1_test : 0.5825139516343342, ER_test : 0.8822314049586777, Best ER : 0.7995867768595041, best_epoch: 13
Epoch : 22 
 F1_train : 0.45075627951543346, ER_train : 1.5862776384773194 , F1_test : 0.5733644859813083, ER_test : 1.1274104683195592, Best ER : 0.7995867768595041, best_epoch: 13
Epoch : 23 
 F1_train : 0.4415352981494172, ER_train : 1.6001823569637565 , F1_test : 0.5591689250225834, ER_test : 1.2121212121212122, Best ER : 0.7995867768595041, best_epoch: 13
Epoch : 24 
 F1_train : 0.44541897179867757, ER_train : 1.6286756325507181 , F1_test : 0.5601669371667052, ER_test : 1.1611570247933884, Best ER : 0.7995867768595041, best_epoch: 13
Epoch : 25 
 F1_train : 0.44332052060152394, ER_train : 1.6364258035103716 , F1_test : 0.5632362747277172, ER_test : 1.2334710743801653, Best ER : 0.7995867768595041, best_epoch: 13
Epoch : 26 
 F1_train : 0.4473418912561327, ER_train : 1.6387052655573284 , F1_test : 0.5626292806251436, ER_test : 1.1721763085399448, Best ER : 0.7995867768595041, best_epoch: 13
Epoch : 27 
 F1_train : 0.44895498392282945, ER_train : 1.642808297241851 , F1_test : 0.5524931622133389, ER_test : 1.3705234159779613, Best ER : 0.7995867768595041, best_epoch: 13
Epoch : 28 
 F1_train : 0.4496279911522219, ER_train : 1.6403008889901982 , F1_test : 0.5614654601633193, ER_test : 1.252754820936639, Best ER : 0.7995867768595041, best_epoch: 13
Epoch : 29 
 F1_train : 0.4523364485981307, ER_train : 1.6462274903122862 , F1_test : 0.5508456880350804, ER_test : 1.3911845730027548, Best ER : 0.7995867768595041, best_epoch: 13
saved model for the best_epoch: 13 with best_er: 0.7995867768595041 f1_for_best_er: 0.5780979827089335 posterior_thresh:0.5


----------------------------------------------
FOLD: 2
----------------------------------------------

Epoch : 0 
 F1_train : 0.3384181515190359, ER_train : 0.8696147709140643 , F1_test : 0.5898286346047539, ER_test : 0.8057851239669421, Best ER : 0.8057851239669421, best_epoch: 0
Epoch : 1 
 F1_train : 0.4039849547626308, ER_train : 0.9288807841349441 , F1_test : 0.5775372124492557, ER_test : 0.8560606060606061, Best ER : 0.8057851239669421, best_epoch: 0
Epoch : 2 
 F1_train : 0.41268311488049336, ER_train : 0.985867335308867 , F1_test : 0.5791044776119403, ER_test : 0.8484848484848485, Best ER : 0.8057851239669421, best_epoch: 0
Epoch : 3 
 F1_train : 0.4123177283192631, ER_train : 0.9913380442215637 , F1_test : 0.5866813428728672, ER_test : 0.8168044077134986, Best ER : 0.8057851239669421, best_epoch: 0
Epoch : 4 
 F1_train : 0.40854010386612805, ER_train : 0.9952131297013904 , F1_test : 0.5735489000795122, ER_test : 0.8966942148760331, Best ER : 0.8057851239669421, best_epoch: 0
Epoch : 5 
 F1_train : 0.41070885305749916, ER_train : 0.9231821290175518 , F1_test : 0.5901911886949293, ER_test : 0.8037190082644629, Best ER : 0.8037190082644629, best_epoch: 5
Epoch : 6 
 F1_train : 0.4062952992337957, ER_train : 0.9049464326418966 , F1_test : 0.5876515986769569, ER_test : 0.8119834710743802, Best ER : 0.8037190082644629, best_epoch: 5
Epoch : 7 
 F1_train : 0.39865220595977663, ER_train : 0.8914976065648507 , F1_test : 0.5866287339971549, ER_test : 0.7858126721763086, Best ER : 0.7858126721763086, best_epoch: 7
Epoch : 8 
 F1_train : 0.4066639072847681, ER_train : 0.906770002279462 , F1_test : 0.5889502762430938, ER_test : 0.8099173553719008, Best ER : 0.7858126721763086, best_epoch: 7
Epoch : 9 
 F1_train : 0.4012241452089488, ER_train : 0.8839753818098929 , F1_test : 0.5858641634456101, ER_test : 0.8119834710743802, Best ER : 0.7858126721763086, best_epoch: 7
Epoch : 10 
 F1_train : 0.4029897228277794, ER_train : 0.891269660360155 , F1_test : 0.5893399613366472, ER_test : 0.809228650137741, Best ER : 0.7858126721763086, best_epoch: 7
Epoch : 11 
 F1_train : 0.4026831995121455, ER_train : 0.9309322999772054 , F1_test : 0.6564439576487767, ER_test : 0.48415977961432505, Best ER : 0.48415977961432505, best_epoch: 11
Epoch : 12 
 F1_train : 0.4114551710180125, ER_train : 0.9222703441987691 , F1_test : 0.6493783303730017, ER_test : 0.5151515151515151, Best ER : 0.48415977961432505, best_epoch: 11
Epoch : 13 
 F1_train : 0.4045481747456612, ER_train : 0.9509915659904262 , F1_test : 0.642027455121436, ER_test : 0.5241046831955923, Best ER : 0.48415977961432505, best_epoch: 11
Epoch : 14 
 F1_train : 0.40230233262647674, ER_train : 0.9370868475039891 , F1_test : 0.5869685256764217, ER_test : 0.8112947658402204, Best ER : 0.48415977961432505, best_epoch: 11
Epoch : 15 
 F1_train : 0.40238963142972856, ER_train : 0.9473444267152952 , F1_test : 0.6723470178156467, ER_test : 0.42355371900826444, Best ER : 0.42355371900826444, best_epoch: 15
Epoch : 16 
 F1_train : 0.4008321775312065, ER_train : 0.9626168224299065 , F1_test : 0.5742092457420923, ER_test : 0.8636363636363636, Best ER : 0.42355371900826444, best_epoch: 15
Epoch : 17 
 F1_train : 0.40122845254606687, ER_train : 0.9742420788693869 , F1_test : 0.6005191808479953, ER_test : 0.7465564738292011, Best ER : 0.42355371900826444, best_epoch: 15
Epoch : 18 
 F1_train : 0.3963607594936708, ER_train : 0.9630727148392979 , F1_test : 0.5847760373729045, ER_test : 0.821625344352617, Best ER : 0.42355371900826444, best_epoch: 15
Epoch : 19 
 F1_train : 0.39964857477547827, ER_train : 0.9744700250740825 , F1_test : 0.5888858169753939, ER_test : 0.8050964187327824, Best ER : 0.42355371900826444, best_epoch: 15
Epoch : 20 
 F1_train : 0.4035683118394259, ER_train : 0.9744700250740825 , F1_test : 0.5857142857142856, ER_test : 0.8230027548209367, Best ER : 0.42355371900826444, best_epoch: 15
Epoch : 21 
 F1_train : 0.40454677936461664, ER_train : 0.9705949395942558 , F1_test : 0.6444906444906443, ER_test : 0.5337465564738292, Best ER : 0.42355371900826444, best_epoch: 15
Epoch : 22 
 F1_train : 0.39617112717327596, ER_train : 0.9892865283793025 , F1_test : 0.5760605241826533, ER_test : 0.8608815426997245, Best ER : 0.42355371900826444, best_epoch: 15
Epoch : 23 
 F1_train : 0.3967323402210475, ER_train : 1.0139047184864372 , F1_test : 0.5845900740334522, ER_test : 0.8243801652892562, Best ER : 0.42355371900826444, best_epoch: 15
Epoch : 24 
 F1_train : 0.4007670182166826, ER_train : 1.0025074082516525 , F1_test : 0.5871306268986467, ER_test : 0.8112947658402204, Best ER : 0.42355371900826444, best_epoch: 15
Epoch : 25 
 F1_train : 0.4020196246546631, ER_train : 1.0095737405972192 , F1_test : 0.5921162985742241, ER_test : 0.7947658402203857, Best ER : 0.42355371900826444, best_epoch: 15
Epoch : 26 
 F1_train : 0.4009150700600514, ER_train : 1.010485525416002 , F1_test : 0.5834943417057686, ER_test : 0.8264462809917356, Best ER : 0.42355371900826444, best_epoch: 15
Epoch : 27 
 F1_train : 0.407382867960246, ER_train : 1.0148165033052199 , F1_test : 0.5881705639614855, ER_test : 0.8181818181818182, Best ER : 0.42355371900826444, best_epoch: 15
Epoch : 28 
 F1_train : 0.4026220786623598, ER_train : 1.0100296330066105 , F1_test : 0.5873585426442175, ER_test : 0.8112947658402204, Best ER : 0.42355371900826444, best_epoch: 15
Epoch : 29 
 F1_train : 0.4053925757144212, ER_train : 1.0079781171643492 , F1_test : 0.5954285714285713, ER_test : 0.7651515151515151, Best ER : 0.42355371900826444, best_epoch: 15
saved model for the best_epoch: 15 with best_er: 0.42355371900826444 f1_for_best_er: 0.6723470178156467 posterior_thresh:0.6


----------------------------------------------
FOLD: 2
----------------------------------------------

Epoch : 0 
 F1_train : 0.32411435674331873, ER_train : 0.7779803966263962 , F1_test : 0.5880077369439071, ER_test : 0.8085399449035813, Best ER : 0.8085399449035813, best_epoch: 0
Epoch : 1 
 F1_train : 0.40421052631578935, ER_train : 0.7312514246637793 , F1_test : 0.5111441307578009, ER_test : 0.8298898071625345, Best ER : 0.8085399449035813, best_epoch: 0
Epoch : 2 
 F1_train : 0.4107206670637283, ER_train : 0.7606564850695235 , F1_test : 0.5890486725663716, ER_test : 0.8078512396694215, Best ER : 0.8078512396694215, best_epoch: 2
Epoch : 3 
 F1_train : 0.4160881015082594, ER_train : 0.743332573512651 , F1_test : 0.629120879120879, ER_test : 0.5654269972451791, Best ER : 0.5654269972451791, best_epoch: 3
Epoch : 4 
 F1_train : 0.4081837580017571, ER_train : 0.7269204467745612 , F1_test : 0.6761341222879683, ER_test : 0.4097796143250689, Best ER : 0.4097796143250689, best_epoch: 4
Epoch : 5 
 F1_train : 0.4088186568115202, ER_train : 0.7095965352176886 , F1_test : 0.6779527559055116, ER_test : 0.40702479338842973, Best ER : 0.40702479338842973, best_epoch: 5
Epoch : 6 
 F1_train : 0.4044059795436663, ER_train : 0.6888534305903806 , F1_test : 0.5893800389213232, ER_test : 0.7988980716253443, Best ER : 0.40702479338842973, best_epoch: 5
Epoch : 7 
 F1_train : 0.40942366564621313, ER_train : 0.6838386140870755 , F1_test : 0.6779527559055116, ER_test : 0.40702479338842973, Best ER : 0.40702479338842973, best_epoch: 5
Epoch : 8 
 F1_train : 0.4078773460216758, ER_train : 0.6845224527011625 , F1_test : 0.6766679826292932, ER_test : 0.4097796143250689, Best ER : 0.40702479338842973, best_epoch: 5
Epoch : 9 
 F1_train : 0.3999470268838564, ER_train : 0.6959197629359472 , F1_test : 0.6417038818275506, ER_test : 0.5447658402203857, Best ER : 0.40702479338842973, best_epoch: 5
Epoch : 10 
 F1_train : 0.4071746530505367, ER_train : 0.6899931616138592 , F1_test : 0.6166405023547878, ER_test : 0.6439393939393939, Best ER : 0.40702479338842973, best_epoch: 5
Epoch : 11 
 F1_train : 0.4120093579412528, ER_train : 0.6947800319124686 , F1_test : 0.5837837837837837, ER_test : 0.7865013774104683, Best ER : 0.40702479338842973, best_epoch: 5
Epoch : 12 
 F1_train : 0.4107813917325384, ER_train : 0.6936403008889902 , F1_test : 0.5909469591780061, ER_test : 0.8009641873278237, Best ER : 0.40702479338842973, best_epoch: 5
Epoch : 13 
 F1_train : 0.405128205128205, ER_train : 0.7143834055162982 , F1_test : 0.5889014722536805, ER_test : 0.790633608815427, Best ER : 0.40702479338842973, best_epoch: 5
Epoch : 14 
 F1_train : 0.4019895421502358, ER_train : 0.7187143834055163 , F1_test : 0.6649056603773584, ER_test : 0.4511019283746556, Best ER : 0.40702479338842973, best_epoch: 5
Epoch : 15 
 F1_train : 0.4080667247603634, ER_train : 0.730795532254388 , F1_test : 0.5860362836723474, ER_test : 0.8209366391184573, Best ER : 0.40702479338842973, best_epoch: 5
Epoch : 16 
 F1_train : 0.4124688279301745, ER_train : 0.7187143834055163 , F1_test : 0.6674199623352164, ER_test : 0.4462809917355372, Best ER : 0.40702479338842973, best_epoch: 5
Epoch : 17 
 F1_train : 0.4119915412364721, ER_train : 0.7223615226806473 , F1_test : 0.6646639128802103, ER_test : 0.4559228650137741, Best ER : 0.40702479338842973, best_epoch: 5
Epoch : 18 
 F1_train : 0.40576851965980515, ER_train : 0.740369272851607 , F1_test : 0.677685950413223, ER_test : 0.40771349862258954, Best ER : 0.40702479338842973, best_epoch: 5
Epoch : 19 
 F1_train : 0.4028155100024697, ER_train : 0.740369272851607 , F1_test : 0.6784730421094056, ER_test : 0.40702479338842973, Best ER : 0.40702479338842973, best_epoch: 5
Epoch : 20 
 F1_train : 0.40767846430713844, ER_train : 0.7579211306131753 , F1_test : 0.6161259235464182, ER_test : 0.6260330578512396, Best ER : 0.40702479338842973, best_epoch: 5
Epoch : 21 
 F1_train : 0.41031201060113226, ER_train : 0.7497150672441304 , F1_test : 0.6182307433568786, ER_test : 0.5826446280991735, Best ER : 0.40702479338842973, best_epoch: 5
Epoch : 22 
 F1_train : 0.41304347826086946, ER_train : 0.7629359471164805 , F1_test : 0.6605097894347985, ER_test : 0.4724517906336088, Best ER : 0.40702479338842973, best_epoch: 5
Epoch : 23 
 F1_train : 0.40845070422535196, ER_train : 0.7738773649418738 , F1_test : 0.6441256830601092, ER_test : 0.5426997245179064, Best ER : 0.40702479338842973, best_epoch: 5
Epoch : 24 
 F1_train : 0.416898148148148, ER_train : 0.7729655801230909 , F1_test : 0.6176470588235293, ER_test : 0.6508264462809917, Best ER : 0.40702479338842973, best_epoch: 5
Epoch : 25 
 F1_train : 0.4069536810173841, ER_train : 0.7768406656029178 , F1_test : 0.5921313331446361, ER_test : 0.7775482093663911, Best ER : 0.40702479338842973, best_epoch: 5
Epoch : 26 
 F1_train : 0.40513057545643627, ER_train : 0.7893777068611808 , F1_test : 0.6494334277620396, ER_test : 0.5075757575757576, Best ER : 0.40702479338842973, best_epoch: 5
Epoch : 27 
 F1_train : 0.4091743119266054, ER_train : 0.7953043081832687 , F1_test : 0.6218432272876352, ER_test : 0.6053719008264463, Best ER : 0.40702479338842973, best_epoch: 5
Epoch : 28 
 F1_train : 0.4095030414323424, ER_train : 0.7882379758377023 , F1_test : 0.6010362694300517, ER_test : 0.7513774104683195, Best ER : 0.40702479338842973, best_epoch: 5
Epoch : 29 
 F1_train : 0.40548008289201, ER_train : 0.7839069979484842 , F1_test : 0.5891772501380451, ER_test : 0.8085399449035813, Best ER : 0.40702479338842973, best_epoch: 5
saved model for the best_epoch: 5 with best_er: 0.40702479338842973 f1_for_best_er: 0.6779527559055116 posterior_thresh:0.7000000000000001


----------------------------------------------
FOLD: 2
----------------------------------------------

Epoch : 0 
 F1_train : 0.18047452353169968, ER_train : 0.894232961021199 , F1_test : 0.6233333333333333, ER_test : 0.48484848484848486, Best ER : 0.48484848484848486, best_epoch: 0
Epoch : 1 
 F1_train : 0.3834682573498082, ER_train : 0.6925005698655118 , F1_test : 0.6203432398493093, ER_test : 0.4896694214876033, Best ER : 0.48484848484848486, best_epoch: 0
Epoch : 2 
 F1_train : 0.3983333333333332, ER_train : 0.6744928196945521 , F1_test : 0.6735259200633161, ER_test : 0.41391184573002754, Best ER : 0.41391184573002754, best_epoch: 2
Epoch : 3 
 F1_train : 0.39799470825790273, ER_train : 0.6744928196945521 , F1_test : 0.6556584776480063, ER_test : 0.4393939393939394, Best ER : 0.41391184573002754, best_epoch: 2
Epoch : 4 
 F1_train : 0.40277200277200265, ER_train : 0.6687941645771598 , F1_test : 0.6779527559055116, ER_test : 0.40702479338842973, Best ER : 0.40702479338842973, best_epoch: 4
Epoch : 5 
 F1_train : 0.3977777777777777, ER_train : 0.6735810348757694 , F1_test : 0.6682596575069693, ER_test : 0.4221763085399449, Best ER : 0.40702479338842973, best_epoch: 4
Epoch : 6 
 F1_train : 0.3996112191058039, ER_train : 0.6726692500569865 , F1_test : 0.6328382838283828, ER_test : 0.47176308539944906, Best ER : 0.40702479338842973, best_epoch: 4
Epoch : 7 
 F1_train : 0.39794501527353504, ER_train : 0.6733530886710736 , F1_test : 0.6779527559055116, ER_test : 0.40702479338842973, Best ER : 0.40702479338842973, best_epoch: 4
Epoch : 8 
 F1_train : 0.4043430456294667, ER_train : 0.6740369272851607 , F1_test : 0.6653574234092693, ER_test : 0.4345730027548209, Best ER : 0.40702479338842973, best_epoch: 4
Epoch : 9 
 F1_train : 0.3978405315614617, ER_train : 0.6820150444495099 , F1_test : 0.6750888274772995, ER_test : 0.41115702479338845, Best ER : 0.40702479338842973, best_epoch: 4
Epoch : 10 
 F1_train : 0.3992937661279369, ER_train : 0.6874857533622065 , F1_test : 0.6653370562425208, ER_test : 0.4256198347107438, Best ER : 0.40702479338842973, best_epoch: 4
Epoch : 11 
 F1_train : 0.4016930638995083, ER_train : 0.6836106678823798 , F1_test : 0.6419249592169656, ER_test : 0.45798898071625344, Best ER : 0.40702479338842973, best_epoch: 4
Epoch : 12 
 F1_train : 0.40511096166778743, ER_train : 0.6820150444495099 , F1_test : 0.5338753387533874, ER_test : 0.6053719008264463, Best ER : 0.40702479338842973, best_epoch: 4
Epoch : 13 
 F1_train : 0.40794417606011796, ER_train : 0.6783679051743788 , F1_test : 0.6522366522366521, ER_test : 0.49586776859504134, Best ER : 0.40702479338842973, best_epoch: 4
Epoch : 14 
 F1_train : 0.40245366048806497, ER_train : 0.6956918167312515 , F1_test : 0.5883650399779431, ER_test : 0.8106060606060606, Best ER : 0.40702479338842973, best_epoch: 4
Epoch : 15 
 F1_train : 0.4075541468568409, ER_train : 0.6929564622749032 , F1_test : 0.6646502835538751, ER_test : 0.4414600550964187, Best ER : 0.40702479338842973, best_epoch: 4
Epoch : 16 
 F1_train : 0.40530601523509313, ER_train : 0.6947800319124686 , F1_test : 0.658653846153846, ER_test : 0.43388429752066116, Best ER : 0.40702479338842973, best_epoch: 4
Epoch : 17 
 F1_train : 0.4064439455961969, ER_train : 0.6922726236608161 , F1_test : 0.6760233918128653, ER_test : 0.4152892561983471, Best ER : 0.40702479338842973, best_epoch: 4
Epoch : 18 
 F1_train : 0.4062947067238911, ER_train : 0.7043537725096877 , F1_test : 0.675098814229249, ER_test : 0.4118457300275482, Best ER : 0.40702479338842973, best_epoch: 4
Epoch : 19 
 F1_train : 0.4085051546391752, ER_train : 0.7027581490768179 , F1_test : 0.6739788199697426, ER_test : 0.4428374655647383, Best ER : 0.40702479338842973, best_epoch: 4
Epoch : 20 
 F1_train : 0.4054158607350095, ER_train : 0.7064052883519489 , F1_test : 0.5433422698838247, ER_test : 0.581267217630854, Best ER : 0.40702479338842973, best_epoch: 4
Epoch : 21 
 F1_train : 0.40988035507526044, ER_train : 0.7023022566674265 , F1_test : 0.6594875603416264, ER_test : 0.4696969696969697, Best ER : 0.40702479338842973, best_epoch: 4
Epoch : 22 
 F1_train : 0.41019075662527194, ER_train : 0.7059493959425576 , F1_test : 0.6726213592233009, ER_test : 0.4194214876033058, Best ER : 0.40702479338842973, best_epoch: 4
Epoch : 23 
 F1_train : 0.4026913799669924, ER_train : 0.7168908137679507 , F1_test : 0.6522377109317681, ER_test : 0.47451790633608815, Best ER : 0.40702479338842973, best_epoch: 4
Epoch : 24 
 F1_train : 0.4167517875383043, ER_train : 0.6975153863688169 , F1_test : 0.6726492391728441, ER_test : 0.4201101928374656, Best ER : 0.40702479338842973, best_epoch: 4
Epoch : 25 
 F1_train : 0.41154138192862555, ER_train : 0.7143834055162982 , F1_test : 0.6651752423564503, ER_test : 0.4573002754820937, Best ER : 0.40702479338842973, best_epoch: 4
Epoch : 26 
 F1_train : 0.40578252671275916, ER_train : 0.7312514246637793 , F1_test : 0.674192292720903, ER_test : 0.4201101928374656, Best ER : 0.40702479338842973, best_epoch: 4
Epoch : 27 
 F1_train : 0.4100899100899099, ER_train : 0.7248689309323 , F1_test : 0.6490974729241876, ER_test : 0.4972451790633609, Best ER : 0.40702479338842973, best_epoch: 4
Epoch : 28 
 F1_train : 0.4180420813909536, ER_train : 0.7091406428082973 , F1_test : 0.604551045510455, ER_test : 0.6749311294765841, Best ER : 0.40702479338842973, best_epoch: 4
Epoch : 29 
 F1_train : 0.41132264529058105, ER_train : 0.7198541144289947 , F1_test : 0.6692516479255524, ER_test : 0.4256198347107438, Best ER : 0.40702479338842973, best_epoch: 4
saved model for the best_epoch: 4 with best_er: 0.40702479338842973 f1_for_best_er: 0.6779527559055116 posterior_thresh:0.8


----------------------------------------------
FOLD: 2
----------------------------------------------

Epoch : 0 
 F1_train : 0.013092550790067716, ER_train : 0.993389560063825 , F1_test : 0.0, ER_test : 1.0, Best ER : 1.0, best_epoch: 0
Epoch : 1 
 F1_train : 0.20492251595259792, ER_train : 0.8718942329610212 , F1_test : 0.030997304582210235, ER_test : 0.9841597796143251, Best ER : 0.9841597796143251, best_epoch: 1
Epoch : 2 
 F1_train : 0.25180350395053236, ER_train : 0.832915431958058 , F1_test : 0.31111111111111106, ER_test : 0.8071625344352618, Best ER : 0.8071625344352618, best_epoch: 2
Epoch : 3 
 F1_train : 0.2241529105125977, ER_train : 0.8529746979712788 , F1_test : 0.5856401384083044, ER_test : 0.5337465564738292, Best ER : 0.5337465564738292, best_epoch: 3
Epoch : 4 
 F1_train : 0.18016309501232688, ER_train : 0.8917255527695463 , F1_test : 0.031018206338503024, ER_test : 0.9841597796143251, Best ER : 0.5337465564738292, best_epoch: 3
Epoch : 5 
 F1_train : 0.10859359052867928, ER_train : 0.939366309550946 , F1_test : 0.3358778625954198, ER_test : 0.7878787878787878, Best ER : 0.5337465564738292, best_epoch: 3
Epoch : 6 
 F1_train : 0.1275994346860488, ER_train : 0.9279689993161614 , F1_test : 0.17599999999999993, ER_test : 0.9015151515151515, Best ER : 0.5337465564738292, best_epoch: 3
Epoch : 7 
 F1_train : 0.14798822374877324, ER_train : 0.9140642808297242 , F1_test : 0.1598513011152416, ER_test : 0.9111570247933884, Best ER : 0.5337465564738292, best_epoch: 3
Epoch : 8 
 F1_train : 0.16273362280536147, ER_train : 0.9017551857761569 , F1_test : 0.14357053682896376, ER_test : 0.9207988980716253, Best ER : 0.5337465564738292, best_epoch: 3
Epoch : 9 
 F1_train : 0.14870030581039748, ER_train : 0.9113289263733759 , F1_test : 0.029810298102981022, ER_test : 0.9848484848484849, Best ER : 0.5337465564738292, best_epoch: 3
Epoch : 10 
 F1_train : 0.19077490774907743, ER_train : 0.8821518121723273 , F1_test : 0.21165279429250888, ER_test : 0.8774104683195593, Best ER : 0.5337465564738292, best_epoch: 3
Epoch : 11 
 F1_train : 0.21087194454578614, ER_train : 0.8682470936858901 , F1_test : 0.6282853566958697, ER_test : 0.48140495867768596, Best ER : 0.48140495867768596, best_epoch: 11
Epoch : 12 
 F1_train : 0.25807584269662914, ER_train : 0.8324595395486665 , F1_test : 0.20168067226890754, ER_test : 0.8842975206611571, Best ER : 0.48140495867768596, best_epoch: 11
Epoch : 13 
 F1_train : 0.2699983229917826, ER_train : 0.8165033052199681 , F1_test : 0.04163868368032235, ER_test : 0.9786501377410468, Best ER : 0.48140495867768596, best_epoch: 11
Epoch : 14 
 F1_train : 0.29310913287174406, ER_train : 0.79735582402553 , F1_test : 0.07349081364829393, ER_test : 0.9614325068870524, Best ER : 0.48140495867768596, best_epoch: 11
Epoch : 15 
 F1_train : 0.280633688975105, ER_train : 0.8021426943241395 , F1_test : 0.46123842028278883, ER_test : 0.6742424242424242, Best ER : 0.48140495867768596, best_epoch: 11
Epoch : 16 
 F1_train : 0.32673110442085235, ER_train : 0.7649874629587418 , F1_test : 0.5327868852459016, ER_test : 0.5971074380165289, Best ER : 0.48140495867768596, best_epoch: 11
Epoch : 17 
 F1_train : 0.31729850270786863, ER_train : 0.7729655801230909 , F1_test : 0.15394165114835504, ER_test : 0.9146005509641874, Best ER : 0.48140495867768596, best_epoch: 11
Epoch : 18 
 F1_train : 0.310907076143739, ER_train : 0.7761568269888306 , F1_test : 0.5044538209095171, ER_test : 0.6294765840220385, Best ER : 0.48140495867768596, best_epoch: 11
Epoch : 19 
 F1_train : 0.3389204982315853, ER_train : 0.7488032824253477 , F1_test : 0.4330312185297079, ER_test : 0.7038567493112947, Best ER : 0.48140495867768596, best_epoch: 11
Epoch : 20 
 F1_train : 0.3407294832826747, ER_train : 0.7444723045361294 , F1_test : 0.6217573221757321, ER_test : 0.48829201101928377, Best ER : 0.48140495867768596, best_epoch: 11
Epoch : 21 
 F1_train : 0.3475400029908777, ER_train : 0.7351265101436061 , F1_test : 0.5170004657661854, ER_test : 0.6177685950413223, Best ER : 0.48140495867768596, best_epoch: 11
Epoch : 22 
 F1_train : 0.36193863939528675, ER_train : 0.7216776840665603 , F1_test : 0.6138865368331922, ER_test : 0.5006887052341598, Best ER : 0.48140495867768596, best_epoch: 11
Epoch : 23 
 F1_train : 0.3653677116905947, ER_train : 0.7157510827444723 , F1_test : 0.6509931090393188, ER_test : 0.44696969696969696, Best ER : 0.44696969696969696, best_epoch: 23
Epoch : 24 
 F1_train : 0.3723263018144268, ER_train : 0.7123318896740369 , F1_test : 0.48850574712643674, ER_test : 0.6487603305785123, Best ER : 0.44696969696969696, best_epoch: 23
Epoch : 25 
 F1_train : 0.35868765631896415, ER_train : 0.7221335764759517 , F1_test : 0.6414473684210525, ER_test : 0.4628099173553719, Best ER : 0.44696969696969696, best_epoch: 23
Epoch : 26 
 F1_train : 0.36749013302148803, ER_train : 0.7134716206975154 , F1_test : 0.4194681384846964, ER_test : 0.7121212121212122, Best ER : 0.44696969696969696, best_epoch: 23
Epoch : 27 
 F1_train : 0.3705311911998841, ER_train : 0.7082288579895145 , F1_test : 0.6008474576271186, ER_test : 0.5117079889807162, Best ER : 0.44696969696969696, best_epoch: 23
Epoch : 28 
 F1_train : 0.3771014492753622, ER_train : 0.7034419876909049 , F1_test : 0.6378956021372789, ER_test : 0.465564738292011, Best ER : 0.44696969696969696, best_epoch: 23
Epoch : 29 
 F1_train : 0.379419373383156, ER_train : 0.6991110098016868 , F1_test : 0.5681718544498026, ER_test : 0.5537190082644629, Best ER : 0.44696969696969696, best_epoch: 23
saved model for the best_epoch: 23 with best_er: 0.44696969696969696 f1_for_best_er: 0.6509931090393188 posterior_thresh:0.9


----------------------------------------------
FOLD: 2
----------------------------------------------

Epoch : 0 
 F1_train : 0.0, ER_train : 1.0 , F1_test : 0.0, ER_test : 1.0, Best ER : 1.0, best_epoch: 0
Epoch : 1 
 F1_train : 0.0, ER_train : 1.0 , F1_test : 0.0, ER_test : 1.0, Best ER : 1.0, best_epoch: 0
Epoch : 2 
 F1_train : 0.0, ER_train : 1.0 , F1_test : 0.0, ER_test : 1.0, Best ER : 1.0, best_epoch: 0
Epoch : 3 
 F1_train : 0.0, ER_train : 1.0 , F1_test : 0.0, ER_test : 1.0, Best ER : 1.0, best_epoch: 0
Epoch : 4 
 F1_train : 0.0, ER_train : 1.0 , F1_test : 0.0, ER_test : 1.0, Best ER : 1.0, best_epoch: 0
Epoch : 5 
 F1_train : 0.0, ER_train : 1.0 , F1_test : 0.0, ER_test : 1.0, Best ER : 1.0, best_epoch: 0
Epoch : 6 
 F1_train : 0.0, ER_train : 1.0 , F1_test : 0.0, ER_test : 1.0, Best ER : 1.0, best_epoch: 0
Epoch : 7 
 F1_train : 0.0, ER_train : 1.0 , F1_test : 0.0, ER_test : 1.0, Best ER : 1.0, best_epoch: 0
Epoch : 8 
 F1_train : 0.0, ER_train : 1.0 , F1_test : 0.0, ER_test : 1.0, Best ER : 1.0, best_epoch: 0
Epoch : 9 
 F1_train : 0.0, ER_train : 1.0 , F1_test : 0.0, ER_test : 1.0, Best ER : 1.0, best_epoch: 0
Epoch : 10 
 F1_train : 0.0, ER_train : 1.0 , F1_test : 0.0, ER_test : 1.0, Best ER : 1.0, best_epoch: 0
Epoch : 11 
 F1_train : 0.0, ER_train : 1.0 , F1_test : 0.0, ER_test : 1.0, Best ER : 1.0, best_epoch: 0
Epoch : 12 
 F1_train : 0.0, ER_train : 1.0 , F1_test : 0.0, ER_test : 1.0, Best ER : 1.0, best_epoch: 0
Epoch : 13 
 F1_train : 0.0, ER_train : 1.0 , F1_test : 0.0, ER_test : 1.0, Best ER : 1.0, best_epoch: 0
Epoch : 14 
 F1_train : 0.0, ER_train : 1.0 , F1_test : 0.0, ER_test : 1.0, Best ER : 1.0, best_epoch: 0
Epoch : 15 
 F1_train : 0.0, ER_train : 1.0 , F1_test : 0.0, ER_test : 1.0, Best ER : 1.0, best_epoch: 0
Epoch : 16 
 F1_train : 0.0, ER_train : 1.0 , F1_test : 0.0, ER_test : 1.0, Best ER : 1.0, best_epoch: 0
Epoch : 17 
 F1_train : 0.0, ER_train : 1.0 , F1_test : 0.0, ER_test : 1.0, Best ER : 1.0, best_epoch: 0
Epoch : 18 
 F1_train : 0.0, ER_train : 1.0 , F1_test : 0.0, ER_test : 1.0, Best ER : 1.0, best_epoch: 0
Epoch : 19 
 F1_train : 0.0, ER_train : 1.0 , F1_test : 0.0, ER_test : 1.0, Best ER : 1.0, best_epoch: 0
Epoch : 20 
 F1_train : 0.0, ER_train : 1.0 , F1_test : 0.0, ER_test : 1.0, Best ER : 1.0, best_epoch: 0
Epoch : 21 
 F1_train : 0.0, ER_train : 1.0 , F1_test : 0.0, ER_test : 1.0, Best ER : 1.0, best_epoch: 0
Epoch : 22 
 F1_train : 0.0, ER_train : 1.0 , F1_test : 0.0, ER_test : 1.0, Best ER : 1.0, best_epoch: 0
Epoch : 23 
 F1_train : 0.0, ER_train : 1.0 , F1_test : 0.0, ER_test : 1.0, Best ER : 1.0, best_epoch: 0
Epoch : 24 
 F1_train : 0.0, ER_train : 1.0 , F1_test : 0.0, ER_test : 1.0, Best ER : 1.0, best_epoch: 0
Epoch : 25 
 F1_train : 0.0, ER_train : 1.0 , F1_test : 0.0, ER_test : 1.0, Best ER : 1.0, best_epoch: 0
Epoch : 26 
 F1_train : 0.0, ER_train : 1.0 , F1_test : 0.0, ER_test : 1.0, Best ER : 1.0, best_epoch: 0
Epoch : 27 
 F1_train : 0.0, ER_train : 1.0 , F1_test : 0.0, ER_test : 1.0, Best ER : 1.0, best_epoch: 0
Epoch : 28 
 F1_train : 0.0, ER_train : 1.0 , F1_test : 0.0, ER_test : 1.0, Best ER : 1.0, best_epoch: 0
Epoch : 29 
 F1_train : 0.0, ER_train : 1.0 , F1_test : 0.0, ER_test : 1.0, Best ER : 1.0, best_epoch: 0
saved model for the best_epoch: 0 with best_er: 1.0 f1_for_best_er: 0.0 posterior_thresh:1.0
